INFO    : PreTeXt project found in `C:\Users\cory.g.wilson\Dropbox\school\occc\20232024\2413sp24\ode-sp24`.
WARNING : Project's CLI version could not be detected from `requirements.txt`.
WARNING : Try `pretext init --refresh` to produce a compatible file.
INFO    : Using latest build located in `C:\Users\cory.g.wilson\Dropbox\school\occc\20232024\2413sp24\ode-sp24\output\html`.
INFO    : 
INFO    : Preparing to deploy from active `master` git branch.
INFO    : 
INFO    : Changes to project source since last commit detected.
INFO    : Add/committing these changes to local Git repository.
INFO    : 
INFO    : Committing your latest build to the `gh-pages` branch.
INFO    : 
INFO    : Attempting to connect to remote repository at `https://github.com/cg2wilson/ode-sp24.git`...
INFO    : 
INFO    : 
INFO    : Latest build successfully pushed to GitHub!
INFO    : 
INFO    : To enable GitHub Pages, visit
INFO    :     https://github.com/cg2wilson/ode-sp24/settings/pages
INFO    : selecting the `gh-pages` branch with the `/ (root)` folder.
INFO    : 
INFO    : Visit
INFO    :     https://github.com/cg2wilson/ode-sp24/actions/
INFO    : to check on the status of your GitHub Pages deployment.
INFO    : 
INFO    : Your built project will soon be available to the public at:
INFO    :     https://cg2wilson.github.io/ode-sp24/
